  main.cpp
D:\vs-code\VmpUnpack\Vmpptest\unicorntest\unicorn_handler.h(9,16): error C7525: 内联变量至少需要 "/std:c++17"
D:\vs-code\VmpUnpack\Vmpptest\unicorntest\unicorn_handler.h(9,24): error C7525: 内联变量至少需要 "/std:c++17"
D:\vs-code\VmpUnpack\Vmpptest\unicorntest\unicorn_handler.h(9,32): error C7525: 内联变量至少需要 "/std:c++17"
D:\vs-code\VmpUnpack\Vmpptest\unicorntest\unicorn_handler.h(9,40): error C7525: 内联变量至少需要 "/std:c++17"
D:\vs-code\VmpUnpack\Vmpptest\unicorntest\unicorn_handler.h(9,47): error C7525: 内联变量至少需要 "/std:c++17"
D:\vs-code\VmpUnpack\Vmpptest\unicorntest\unicorn_handler.h(9,54): error C7525: 内联变量至少需要 "/std:c++17"
D:\vs-code\VmpUnpack\Vmpptest\unicorntest\unicorn_handler.h(9,61): error C7525: 内联变量至少需要 "/std:c++17"
D:\vs-code\VmpUnpack\Vmpptest\unicorntest\global.h(10,20): error C7525: 内联变量至少需要 "/std:c++17"
D:\vs-code\VmpUnpack\Vmpptest\unicorntest\global.h(11,23): error C7525: 内联变量至少需要 "/std:c++17"
D:\vs-code\VmpUnpack\Vmpptest\unicorntest\global.h(27,16): error C7525: 内联变量至少需要 "/std:c++17"
  unicorn_handler.cpp
D:\vs-code\VmpUnpack\Vmpptest\unicorntest\unicorn_handler.h(9,16): error C7525: 内联变量至少需要 "/std:c++17"
D:\vs-code\VmpUnpack\Vmpptest\unicorntest\unicorn_handler.h(9,24): error C7525: 内联变量至少需要 "/std:c++17"
D:\vs-code\VmpUnpack\Vmpptest\unicorntest\unicorn_handler.h(9,32): error C7525: 内联变量至少需要 "/std:c++17"
D:\vs-code\VmpUnpack\Vmpptest\unicorntest\unicorn_handler.h(9,40): error C7525: 内联变量至少需要 "/std:c++17"
D:\vs-code\VmpUnpack\Vmpptest\unicorntest\unicorn_handler.h(9,47): error C7525: 内联变量至少需要 "/std:c++17"
D:\vs-code\VmpUnpack\Vmpptest\unicorntest\unicorn_handler.h(9,54): error C7525: 内联变量至少需要 "/std:c++17"
D:\vs-code\VmpUnpack\Vmpptest\unicorntest\unicorn_handler.h(9,61): error C7525: 内联变量至少需要 "/std:c++17"
D:\vs-code\VmpUnpack\Vmpptest\unicorntest\vmp2.h(22,13): error C7525: 内联变量至少需要 "/std:c++17"
D:\vs-code\VmpUnpack\Vmpptest\unicorntest\vmp2.h(23,14): error C7525: 内联变量至少需要 "/std:c++17"
D:\vs-code\VmpUnpack\Vmpptest\unicorntest\global.h(10,20): error C7525: 内联变量至少需要 "/std:c++17"
D:\vs-code\VmpUnpack\Vmpptest\unicorntest\global.h(11,23): error C7525: 内联变量至少需要 "/std:c++17"
D:\vs-code\VmpUnpack\Vmpptest\unicorntest\global.h(27,16): error C7525: 内联变量至少需要 "/std:c++17"
  vmp2.cpp
