Vmpptest.obj : error LNK2019: 无法解析的外部符号 Entry，函数 main 中引用了该符号
D:\vs-code\VmpUnpack\Vmpptest\x64\Debug\Vmpptest.exe : fatal error LNK1120: 1 个无法解析的外部命令
